<?xml version="1.0" encoding="UTF-8"?>
<!-- Generated by org.testng.reporters.JUnitReportReporter -->
<testsuite hostname="DESKTOP-85JE2JQ" failures="0" tests="2" name="testCases.TC002_LoginTest" time="5.681" errors="0" timestamp="2025-07-13T21:23:06 IST" skipped="0">
  <testcase classname="testCases.TC002_LoginTest" name="verifyLogin" time="2.709"/>
  <testcase classname="testCases.TC002_LoginTest" name="verifyLogin" time="2.972"/>
</testsuite> <!-- testCases.TC002_LoginTest -->
