<?xml version="1.0" encoding="UTF-8"?>
<!-- Generated by org.testng.reporters.JUnitReportReporter -->
<testsuite hostname="DESKTOP-85JE2JQ" failures="0" tests="2" name="testCases.TC001_AccountRegistrationTest" time="15.401" errors="0" timestamp="2025-07-13T21:23:06 IST" skipped="0">
  <testcase classname="testCases.TC001_AccountRegistrationTest" name="verify_account_registration" time="7.774"/>
  <testcase classname="testCases.TC001_AccountRegistrationTest" name="verify_account_registration" time="7.627"/>
</testsuite> <!-- testCases.TC001_AccountRegistrationTest -->
