<?xml version="1.0" encoding="UTF-8"?>
<!-- Generated by org.testng.reporters.JUnitReportReporter -->
<testsuite hostname="DESKTOP-85JE2JQ" failures="0" tests="1" name="testCases.TC002_LoginTest" time="4.988" errors="0" timestamp="2025-07-14T17:14:29 IST" skipped="0">
  <testcase classname="testCases.TC002_LoginTest" name="verifyLogin" time="4.988"/>
</testsuite> <!-- testCases.TC002_LoginTest -->
